<?xml version="1.0" encoding="UTF-8"?>
<!-- Generated by org.testng.reporters.JUnitReportReporter -->
<testsuite hostname="LAPTOP-QGM8NV1C" failures="0" tests="1" name="DemoAmazon" time="11.865" errors="0" timestamp="04 May 2023 11:18:22 GMT" skipped="0">
  <testcase classname="DemoAmazon" name="main" time="11.865"/>
</testsuite> <!-- DemoAmazon -->
